c:\users\asus\source\repos\supermario\supermario\x64\debug\vc142.pdb
c:\users\asus\source\repos\supermario\supermario\x64\debug\vc142.idb
c:\users\asus\source\repos\supermario\supermario\x64\debug\vector2d.obj
c:\users\asus\source\repos\supermario\supermario\x64\debug\texturemanager.obj
c:\users\asus\source\repos\supermario\supermario\x64\debug\supermario.obj
c:\users\asus\source\repos\supermario\supermario\x64\debug\spritemanager.obj
c:\users\asus\source\repos\supermario\supermario\x64\debug\spritehandler.obj
c:\users\asus\source\repos\supermario\supermario\x64\debug\sprite.obj
c:\users\asus\source\repos\supermario\supermario\x64\debug\mariokeyhandler.obj
c:\users\asus\source\repos\supermario\supermario\x64\debug\mario.obj
c:\users\asus\source\repos\supermario\supermario\x64\debug\gameobject.obj
c:\users\asus\source\repos\supermario\supermario\x64\debug\game.obj
c:\users\asus\source\repos\supermario\supermario\x64\debug\debug.obj
c:\users\asus\source\repos\supermario\supermario\x64\debug\camera.obj
c:\users\asus\source\repos\supermario\supermario\x64\debug\animationmanager.obj
c:\users\asus\source\repos\supermario\supermario\x64\debug\animation.obj
c:\users\asus\source\repos\supermario\supermario\x64\debug\supermario.res
c:\users\asus\source\repos\supermario\supermario\x64\debug\supermario.tlog\cl.command.1.tlog
c:\users\asus\source\repos\supermario\supermario\x64\debug\supermario.tlog\cl.read.1.tlog
c:\users\asus\source\repos\supermario\supermario\x64\debug\supermario.tlog\cl.write.1.tlog
c:\users\asus\source\repos\supermario\supermario\x64\debug\supermario.tlog\link.command.1.tlog
c:\users\asus\source\repos\supermario\supermario\x64\debug\supermario.tlog\link.read.1.tlog
c:\users\asus\source\repos\supermario\supermario\x64\debug\supermario.tlog\link.write.1.tlog
c:\users\asus\source\repos\supermario\supermario\x64\debug\supermario.tlog\rc.command.1.tlog
c:\users\asus\source\repos\supermario\supermario\x64\debug\supermario.tlog\rc.read.1.tlog
c:\users\asus\source\repos\supermario\supermario\x64\debug\supermario.tlog\rc.write.1.tlog
