  AnimationManager.cpp
  Camera.cpp
  C:\Program Files (x86)\Windows Kits\10\Include\10.0.18362.0\um\dinput.h: DIRECTINPUT_VERSION undefined. Defaulting to version 0x0800
  ChangedFigureState.cpp
  C:\Program Files (x86)\Windows Kits\10\Include\10.0.18362.0\um\dinput.h: DIRECTINPUT_VERSION undefined. Defaulting to version 0x0800
C:\Users\ASUS\source\repos\SuperMario\SuperMario\GameObject.h(23,1): warning C4150: deletion of pointer to incomplete type 'BaseState'; no destructor called
C:\Users\ASUS\source\repos\SuperMario\SuperMario\GameObject.h(9): message : see declaration of 'BaseState'
  CollisionEvent.cpp
  C:\Program Files (x86)\Windows Kits\10\Include\10.0.18362.0\um\dinput.h: DIRECTINPUT_VERSION undefined. Defaulting to version 0x0800
  DeathState.cpp
  C:\Program Files (x86)\Windows Kits\10\Include\10.0.18362.0\um\dinput.h: DIRECTINPUT_VERSION undefined. Defaulting to version 0x0800
C:\Users\ASUS\source\repos\SuperMario\SuperMario\GameObject.h(23,1): warning C4150: deletion of pointer to incomplete type 'BaseState'; no destructor called
C:\Users\ASUS\source\repos\SuperMario\SuperMario\GameObject.h(9): message : see declaration of 'BaseState'
  FallState.cpp
  C:\Program Files (x86)\Windows Kits\10\Include\10.0.18362.0\um\dinput.h: DIRECTINPUT_VERSION undefined. Defaulting to version 0x0800
C:\Users\ASUS\source\repos\SuperMario\SuperMario\GameObject.h(23,1): warning C4150: deletion of pointer to incomplete type 'BaseState'; no destructor called
C:\Users\ASUS\source\repos\SuperMario\SuperMario\GameObject.h(9): message : see declaration of 'BaseState'
  Game.cpp
  C:\Program Files (x86)\Windows Kits\10\Include\10.0.18362.0\um\dinput.h: DIRECTINPUT_VERSION undefined. Defaulting to version 0x0800
  GameObject.cpp
  C:\Program Files (x86)\Windows Kits\10\Include\10.0.18362.0\um\dinput.h: DIRECTINPUT_VERSION undefined. Defaulting to version 0x0800
  GameObjectManager.cpp
  C:\Program Files (x86)\Windows Kits\10\Include\10.0.18362.0\um\dinput.h: DIRECTINPUT_VERSION undefined. Defaulting to version 0x0800
  Goomba.cpp
  C:\Program Files (x86)\Windows Kits\10\Include\10.0.18362.0\um\dinput.h: DIRECTINPUT_VERSION undefined. Defaulting to version 0x0800
  IdleState.cpp
  C:\Program Files (x86)\Windows Kits\10\Include\10.0.18362.0\um\dinput.h: DIRECTINPUT_VERSION undefined. Defaulting to version 0x0800
C:\Users\ASUS\source\repos\SuperMario\SuperMario\GameObject.h(23,1): warning C4150: deletion of pointer to incomplete type 'BaseState'; no destructor called
C:\Users\ASUS\source\repos\SuperMario\SuperMario\GameObject.h(9): message : see declaration of 'BaseState'
  JumpState.cpp
  C:\Program Files (x86)\Windows Kits\10\Include\10.0.18362.0\um\dinput.h: DIRECTINPUT_VERSION undefined. Defaulting to version 0x0800
C:\Users\ASUS\source\repos\SuperMario\SuperMario\GameObject.h(23,1): warning C4150: deletion of pointer to incomplete type 'BaseState'; no destructor called
C:\Users\ASUS\source\repos\SuperMario\SuperMario\GameObject.h(9): message : see declaration of 'BaseState'
  KeyHandler.cpp
  C:\Program Files (x86)\Windows Kits\10\Include\10.0.18362.0\um\dinput.h: DIRECTINPUT_VERSION undefined. Defaulting to version 0x0800
C:\Users\ASUS\source\repos\SuperMario\SuperMario\KeyHandler.cpp(30,20): warning C4018: '<': signed/unsigned mismatch
  KickAction.cpp
  C:\Program Files (x86)\Windows Kits\10\Include\10.0.18362.0\um\dinput.h: DIRECTINPUT_VERSION undefined. Defaulting to version 0x0800
C:\Users\ASUS\source\repos\SuperMario\SuperMario\GameObject.h(23,1): warning C4150: deletion of pointer to incomplete type 'BaseState'; no destructor called
C:\Users\ASUS\source\repos\SuperMario\SuperMario\GameObject.h(9): message : see declaration of 'BaseState'
  Mario.cpp
  C:\Program Files (x86)\Windows Kits\10\Include\10.0.18362.0\um\dinput.h: DIRECTINPUT_VERSION undefined. Defaulting to version 0x0800
  RunState.cpp
  C:\Program Files (x86)\Windows Kits\10\Include\10.0.18362.0\um\dinput.h: DIRECTINPUT_VERSION undefined. Defaulting to version 0x0800
C:\Users\ASUS\source\repos\SuperMario\SuperMario\GameObject.h(23,1): warning C4150: deletion of pointer to incomplete type 'BaseState'; no destructor called
C:\Users\ASUS\source\repos\SuperMario\SuperMario\GameObject.h(9): message : see declaration of 'BaseState'
  SitState.cpp
  C:\Program Files (x86)\Windows Kits\10\Include\10.0.18362.0\um\dinput.h: DIRECTINPUT_VERSION undefined. Defaulting to version 0x0800
C:\Users\ASUS\source\repos\SuperMario\SuperMario\GameObject.h(23,1): warning C4150: deletion of pointer to incomplete type 'BaseState'; no destructor called
C:\Users\ASUS\source\repos\SuperMario\SuperMario\GameObject.h(9): message : see declaration of 'BaseState'
  Sprite.cpp
  C:\Program Files (x86)\Windows Kits\10\Include\10.0.18362.0\um\dinput.h: DIRECTINPUT_VERSION undefined. Defaulting to version 0x0800
  SpriteHandler.cpp
  C:\Program Files (x86)\Windows Kits\10\Include\10.0.18362.0\um\dinput.h: DIRECTINPUT_VERSION undefined. Defaulting to version 0x0800
  SuperMario.cpp
  C:\Program Files (x86)\Windows Kits\10\Include\10.0.18362.0\um\dinput.h: DIRECTINPUT_VERSION undefined. Defaulting to version 0x0800
  Generating Code...
  Compiling...
  SwitchAction.cpp
  C:\Program Files (x86)\Windows Kits\10\Include\10.0.18362.0\um\dinput.h: DIRECTINPUT_VERSION undefined. Defaulting to version 0x0800
C:\Users\ASUS\source\repos\SuperMario\SuperMario\GameObject.h(23,1): warning C4150: deletion of pointer to incomplete type 'BaseState'; no destructor called
C:\Users\ASUS\source\repos\SuperMario\SuperMario\GameObject.h(9): message : see declaration of 'BaseState'
  Generating Code...
  SuperMario.vcxproj -> C:\Users\ASUS\source\repos\SuperMario\x64\Debug\SuperMario.exe
